This is XeTeX, Version 3.141592653-2.6-0.999994 (TeX Live 2022) (preloaded format=xelatex 2022.8.23)  29 AUG 2022 16:35
entering extended mode
 restricted \write18 enabled.
 %&-line parsing enabled.
**methodology_pdf.tex
(./methodology_pdf.tex
LaTeX2e <2022-06-01> patch level 5
L3 programming layer <2022-07-04> (c:/Users/klehm/AppData/Roaming/TinyTeX/texmf
-dist/tex/latex/base/article.cls
Document Class: article 2021/10/04 v1.4n Standard LaTeX document class
(c:/Users/klehm/AppData/Roaming/TinyTeX/texmf-dist/tex/latex/base/size12.clo
File: size12.clo 2021/10/04 v1.4n Standard LaTeX file (size option)
)
\c@part=\count181
\c@section=\count182
\c@subsection=\count183
\c@subsubsection=\count184
\c@paragraph=\count185
\c@subparagraph=\count186
\c@figure=\count187
\c@table=\count188
\abovecaptionskip=\skip47
\belowcaptionskip=\skip48
\bibindent=\dimen138
) (c:/Users/klehm/AppData/Roaming/TinyTeX/texmf-dist/tex/latex/lm/lmodern.sty
Package: lmodern 2015/05/01 v1.6.1 Latin Modern Fonts
LaTeX Font Info:    Overwriting symbol font `operators' in version `normal'
(Font)                  OT1/cmr/m/n --> OT1/lmr/m/n on input line 22.
LaTeX Font Info:    Overwriting symbol font `letters' in version `normal'
(Font)                  OML/cmm/m/it --> OML/lmm/m/it on input line 23.
LaTeX Font Info:    Overwriting symbol font `symbols' in version `normal'
(Font)                  OMS/cmsy/m/n --> OMS/lmsy/m/n on input line 24.
LaTeX Font Info:    Overwriting symbol font `largesymbols' in version `normal'
(Font)                  OMX/cmex/m/n --> OMX/lmex/m/n on input line 25.
LaTeX Font Info:    Overwriting symbol font `operators' in version `bold'
(Font)                  OT1/cmr/bx/n --> OT1/lmr/bx/n on input line 26.
LaTeX Font Info:    Overwriting symbol font `letters' in version `bold'
(Font)                  OML/cmm/b/it --> OML/lmm/b/it on input line 27.
LaTeX Font Info:    Overwriting symbol font `symbols' in version `bold'
(Font)                  OMS/cmsy/b/n --> OMS/lmsy/b/n on input line 28.
LaTeX Font Info:    Overwriting symbol font `largesymbols' in version `bold'
(Font)                  OMX/cmex/m/n --> OMX/lmex/m/n on input line 29.
LaTeX Font Info:    Overwriting math alphabet `\mathbf' in version `normal'
(Font)                  OT1/cmr/bx/n --> OT1/lmr/bx/n on input line 31.
LaTeX Font Info:    Overwriting math alphabet `\mathsf' in version `normal'
(Font)                  OT1/cmss/m/n --> OT1/lmss/m/n on input line 32.
LaTeX Font Info:    Overwriting math alphabet `\mathit' in version `normal'
(Font)                  OT1/cmr/m/it --> OT1/lmr/m/it on input line 33.
LaTeX Font Info:    Overwriting math alphabet `\mathtt' in version `normal'
(Font)                  OT1/cmtt/m/n --> OT1/lmtt/m/n on input line 34.
LaTeX Font Info:    Overwriting math alphabet `\mathbf' in version `bold'
(Font)                  OT1/cmr/bx/n --> OT1/lmr/bx/n on input line 35.
LaTeX Font Info:    Overwriting math alphabet `\mathsf' in version `bold'
(Font)                  OT1/cmss/bx/n --> OT1/lmss/bx/n on input line 36.
LaTeX Font Info:    Overwriting math alphabet `\mathit' in version `bold'
(Font)                  OT1/cmr/bx/it --> OT1/lmr/bx/it on input line 37.
LaTeX Font Info:    Overwriting math alphabet `\mathtt' in version `bold'
(Font)                  OT1/cmtt/m/n --> OT1/lmtt/m/n on input line 38.
)
(c:/Users/klehm/AppData/Roaming/TinyTeX/texmf-dist/tex/latex/amsfonts/amssymb.s
ty
Package: amssymb 2013/01/14 v3.01 AMS font symbols

(c:/Users/klehm/AppData/Roaming/TinyTeX/texmf-dist/tex/latex/amsfonts/amsfonts.
sty
Package: amsfonts 2013/01/14 v3.01 Basic AMSFonts support
\@emptytoks=\toks16
\symAMSa=\mathgroup4
\symAMSb=\mathgroup5
LaTeX Font Info:    Redeclaring math symbol \hbar on input line 98.
LaTeX Font Info:    Overwriting math alphabet `\mathfrak' in version `bold'
(Font)                  U/euf/m/n --> U/euf/b/n on input line 106.
))
(c:/Users/klehm/AppData/Roaming/TinyTeX/texmf-dist/tex/latex/amsmath/amsmath.st
y
Package: amsmath 2022/04/08 v2.17n AMS math features
\@mathmargin=\skip49
For additional information on amsmath, use the `?' option.

(c:/Users/klehm/AppData/Roaming/TinyTeX/texmf-dist/tex/latex/amsmath/amstext.st
y
Package: amstext 2021/08/26 v2.01 AMS text

(c:/Users/klehm/AppData/Roaming/TinyTeX/texmf-dist/tex/latex/amsmath/amsgen.sty
File: amsgen.sty 1999/11/30 v2.0 generic functions
\@emptytoks=\toks17
\ex@=\dimen139
))
(c:/Users/klehm/AppData/Roaming/TinyTeX/texmf-dist/tex/latex/amsmath/amsbsy.sty
Package: amsbsy 1999/11/29 v1.2d Bold Symbols
\pmbraise@=\dimen140
)
(c:/Users/klehm/AppData/Roaming/TinyTeX/texmf-dist/tex/latex/amsmath/amsopn.sty
Package: amsopn 2022/04/08 v2.04 operator names
)
\inf@bad=\count189
LaTeX Info: Redefining \frac on input line 234.
\uproot@=\count190
\leftroot@=\count191
LaTeX Info: Redefining \overline on input line 399.
LaTeX Info: Redefining \colon on input line 410.
\classnum@=\count192
\DOTSCASE@=\count193
LaTeX Info: Redefining \ldots on input line 496.
LaTeX Info: Redefining \dots on input line 499.
LaTeX Info: Redefining \cdots on input line 620.
\Mathstrutbox@=\box51
\strutbox@=\box52
LaTeX Info: Redefining \big on input line 722.
LaTeX Info: Redefining \Big on input line 723.
LaTeX Info: Redefining \bigg on input line 724.
LaTeX Info: Redefining \Bigg on input line 725.
\big@size=\dimen141
LaTeX Font Info:    Redeclaring font encoding OML on input line 743.
LaTeX Font Info:    Redeclaring font encoding OMS on input line 744.
\macc@depth=\count194
LaTeX Info: Redefining \bmod on input line 905.
LaTeX Info: Redefining \pmod on input line 910.
LaTeX Info: Redefining \smash on input line 940.
LaTeX Info: Redefining \relbar on input line 970.
LaTeX Info: Redefining \Relbar on input line 971.
\c@MaxMatrixCols=\count195
\dotsspace@=\muskip16
\c@parentequation=\count196
\dspbrk@lvl=\count197
\tag@help=\toks18
\row@=\count198
\column@=\count199
\maxfields@=\count266
\andhelp@=\toks19
\eqnshift@=\dimen142
\alignsep@=\dimen143
\tagshift@=\dimen144
\tagwidth@=\dimen145
\totwidth@=\dimen146
\lineht@=\dimen147
\@envbody=\toks20
\multlinegap=\skip50
\multlinetaggap=\skip51
\mathdisplay@stack=\toks21
LaTeX Info: Redefining \[ on input line 2953.
LaTeX Info: Redefining \] on input line 2954.
)
(c:/Users/klehm/AppData/Roaming/TinyTeX/texmf-dist/tex/generic/iftex/ifxetex.st
y
Package: ifxetex 2019/10/25 v0.7 ifxetex legacy package. Use iftex instead.
(c:/Users/klehm/AppData/Roaming/TinyTeX/texmf-dist/tex/generic/iftex/iftex.sty
Package: iftex 2022/02/03 v1.0f TeX engine tests
))
(c:/Users/klehm/AppData/Roaming/TinyTeX/texmf-dist/tex/generic/iftex/ifluatex.s
ty
Package: ifluatex 2019/10/25 v1.5 ifluatex legacy package. Use iftex instead.
)
(c:/Users/klehm/AppData/Roaming/TinyTeX/texmf-dist/tex/latex/unicode-math/unico
de-math.sty
(c:/Users/klehm/AppData/Roaming/TinyTeX/texmf-dist/tex/latex/l3kernel/expl3.sty
Package: expl3 2022-07-04 L3 programming layer (loader) 

(c:/Users/klehm/AppData/Roaming/TinyTeX/texmf-dist/tex/latex/l3backend/l3backen
d-xetex.def
File: l3backend-xetex.def 2022-07-01 L3 backend support: XeTeX
\g__graphics_track_int=\count267
\l__pdf_internal_box=\box53
\g__pdf_backend_object_int=\count268
\g__pdf_backend_annotation_int=\count269
\g__pdf_backend_link_int=\count270
))
Package: unicode-math 2020/01/31 v0.8q Unicode maths in XeLaTeX and LuaLaTeX

(c:/Users/klehm/AppData/Roaming/TinyTeX/texmf-dist/tex/latex/unicode-math/unico
de-math-xetex.sty
Package: unicode-math-xetex 2020/01/31 v0.8q Unicode maths in XeLaTeX and LuaLa
TeX

(c:/Users/klehm/AppData/Roaming/TinyTeX/texmf-dist/tex/latex/l3packages/xparse/
xparse.sty
Package: xparse 2022-06-22 L3 Experimental document command parser
)
(c:/Users/klehm/AppData/Roaming/TinyTeX/texmf-dist/tex/latex/l3packages/l3keys2
e/l3keys2e.sty
Package: l3keys2e 2022-06-22 LaTeX2e option processing using LaTeX3 keys
)
(c:/Users/klehm/AppData/Roaming/TinyTeX/texmf-dist/tex/latex/fontspec/fontspec.
sty
Package: fontspec 2022/01/15 v2.8a Font selection for XeLaTeX and LuaLaTeX

(c:/Users/klehm/AppData/Roaming/TinyTeX/texmf-dist/tex/latex/fontspec/fontspec-
xetex.sty
Package: fontspec-xetex 2022/01/15 v2.8a Font selection for XeLaTeX and LuaLaTe
X
\l__fontspec_script_int=\count271
\l__fontspec_language_int=\count272
\l__fontspec_strnum_int=\count273
\l__fontspec_tmp_int=\count274
\l__fontspec_tmpa_int=\count275
\l__fontspec_tmpb_int=\count276
\l__fontspec_tmpc_int=\count277
\l__fontspec_em_int=\count278
\l__fontspec_emdef_int=\count279
\l__fontspec_strong_int=\count280
\l__fontspec_strongdef_int=\count281
\l__fontspec_tmpa_dim=\dimen148
\l__fontspec_tmpb_dim=\dimen149
\l__fontspec_tmpc_dim=\dimen150
(c:/Users/klehm/AppData/Roaming/TinyTeX/texmf-dist/tex/latex/base/fontenc.sty
Package: fontenc 2021/04/29 v2.0v Standard LaTeX package
)
(c:/Users/klehm/AppData/Roaming/TinyTeX/texmf-dist/tex/latex/fontspec/fontspec.
cfg))) (c:/Users/klehm/AppData/Roaming/TinyTeX/texmf-dist/tex/latex/base/fix-cm
.sty
Package: fix-cm 2020/11/24 v1.1t fixes to LaTeX
(c:/Users/klehm/AppData/Roaming/TinyTeX/texmf-dist/tex/latex/base/ts1enc.def
File: ts1enc.def 2001/06/05 v3.0e (jk/car/fm) Standard LaTeX file
LaTeX Font Info:    Redeclaring font encoding TS1 on input line 47.
))
\g__um_fam_int=\count282
\g__um_fonts_used_int=\count283
\l__um_primecount_int=\count284
\g__um_primekern_muskip=\muskip17

(c:/Users/klehm/AppData/Roaming/TinyTeX/texmf-dist/tex/latex/unicode-math/unico
de-math-table.tex)))

Package fontspec Info: Georgia scale = 0.8952182238362497.


Package fontspec Info: Georgia scale = 0.8952182238362497.


Package fontspec Info: Georgia scale = 0.8952182238362497.


Package fontspec Info: Georgia/B scale = 0.889803611696668.


Package fontspec Info: Georgia/B scale = 0.889803611696668.


Package fontspec Info: Georgia/I scale = 0.8818034002367419.


Package fontspec Info: Georgia/I scale = 0.8818034002367419.


Package fontspec Info: Georgia/BI scale = 0.8696406259220395.


Package fontspec Info: Georgia/BI scale = 0.8696406259220395.


Package fontspec Info: Font family 'Georgia(0)' created for font 'Georgia'
(fontspec)             with options
(fontspec)             [Scale=MatchLowercase,Ligatures=TeX,Scale=1].
(fontspec)              
(fontspec)              This font family consists of the following NFSS
(fontspec)             series/shapes:
(fontspec)              
(fontspec)             - 'normal' (m/n) with NFSS spec.:
(fontspec)             <->s*[1]"Georgia/OT:script=latn;language=dflt;mapping=te
x-text;"
(fontspec)             - 'small caps'  (m/sc) with NFSS spec.:
(fontspec)             <->s*[1]"Georgia/OT:script=latn;language=dflt;+smcp;mapp
ing=tex-text;"
(fontspec)             - 'bold' (b/n) with NFSS spec.:
(fontspec)             <->s*[1]"Georgia/B/OT:script=latn;language=dflt;mapping=
tex-text;"
(fontspec)             - 'bold small caps'  (b/sc) with NFSS spec.:
(fontspec)             <->s*[1]"Georgia/B/OT:script=latn;language=dflt;+smcp;ma
pping=tex-text;"
(fontspec)             - 'italic' (m/it) with NFSS spec.:
(fontspec)             <->s*[1]"Georgia/I/OT:script=latn;language=dflt;mapping=
tex-text;"
(fontspec)             - 'italic small caps'  (m/scit) with NFSS spec.:
(fontspec)             <->s*[1]"Georgia/I/OT:script=latn;language=dflt;+smcp;ma
pping=tex-text;"
(fontspec)             - 'bold italic' (b/it) with NFSS spec.:
(fontspec)             <->s*[1]"Georgia/BI/OT:script=latn;language=dflt;mapping
=tex-text;"
(fontspec)             - 'bold italic small caps'  (b/scit) with NFSS spec.:
(fontspec)             <->s*[1]"Georgia/BI/OT:script=latn;language=dflt;+smcp;m
apping=tex-text;"

LaTeX Font Info:    Font shape `TU/Georgia(0)/m/n' will be
(Font)              scaled to size 12.0pt on input line 21.

Package fontspec Info: Georgia scale = 0.9999973588643117.


Package fontspec Info: Georgia scale = 0.9999973588643117.


Package fontspec Info: Georgia scale = 0.9999973588643117.


Package fontspec Info: Georgia/B scale = 0.9939490036200973.


Package fontspec Info: Georgia/B scale = 0.9939490036200973.


Package fontspec Info: Georgia/I scale = 0.9850124224410423.


Package fontspec Info: Georgia/I scale = 0.9850124224410423.


Package fontspec Info: Georgia/BI scale = 0.9714260790587053.


Package fontspec Info: Georgia/BI scale = 0.9714260790587053.


Package fontspec Info: Font family 'Georgia(1)' created for font 'Georgia'
(fontspec)             with options [Scale=MatchLowercase].
(fontspec)              
(fontspec)              This font family consists of the following NFSS
(fontspec)             series/shapes:
(fontspec)              
(fontspec)             - 'normal' (m/n) with NFSS spec.:
(fontspec)             <->s*[0.9999973588643117]"Georgia/OT:script=latn;languag
e=dflt;"
(fontspec)             - 'small caps'  (m/sc) with NFSS spec.:
(fontspec)             <->s*[0.9999973588643117]"Georgia/OT:script=latn;languag
e=dflt;+smcp;"
(fontspec)             - 'bold' (b/n) with NFSS spec.:
(fontspec)             <->s*[0.9939490036200973]"Georgia/B/OT:script=latn;langu
age=dflt;"
(fontspec)             - 'bold small caps'  (b/sc) with NFSS spec.:
(fontspec)             <->s*[0.9939490036200973]"Georgia/B/OT:script=latn;langu
age=dflt;+smcp;"
(fontspec)             - 'italic' (m/it) with NFSS spec.:
(fontspec)             <->s*[0.9850124224410423]"Georgia/I/OT:script=latn;langu
age=dflt;"
(fontspec)             - 'italic small caps'  (m/scit) with NFSS spec.:
(fontspec)             <->s*[0.9850124224410423]"Georgia/I/OT:script=latn;langu
age=dflt;+smcp;"
(fontspec)             - 'bold italic' (b/it) with NFSS spec.:
(fontspec)             <->s*[0.9714260790587053]"Georgia/BI/OT:script=latn;lang
uage=dflt;"
(fontspec)             - 'bold italic small caps'  (b/scit) with NFSS spec.:
(fontspec)             <->s*[0.9714260790587053]"Georgia/BI/OT:script=latn;lang
uage=dflt;+smcp;"

LaTeX Font Info:    Overwriting math alphabet `\mathrm' in version `normal'
(Font)                  OT1/lmr/m/n --> TU/Georgia(1)/m/n on input line 21.
LaTeX Font Info:    Overwriting math alphabet `\mathit' in version `normal'
(Font)                  OT1/lmr/m/it --> TU/Georgia(1)/m/it on input line 21.
LaTeX Font Info:    Overwriting math alphabet `\mathbf' in version `normal'
(Font)                  OT1/lmr/bx/n --> TU/Georgia(1)/b/n on input line 21.
(c:/Users/klehm/AppData/Roaming/TinyTeX/texmf-dist/tex/latex/xcolor/xcolor.sty
Package: xcolor 2022/06/12 v2.14 LaTeX color extensions (UK)

(c:/Users/klehm/AppData/Roaming/TinyTeX/texmf-dist/tex/latex/graphics-cfg/color
.cfg
File: color.cfg 2016/01/02 v1.6 sample color configuration
)
Package xcolor Info: Driver file: xetex.def on input line 227.

(c:/Users/klehm/AppData/Roaming/TinyTeX/texmf-dist/tex/latex/graphics-def/xetex
.def
File: xetex.def 2022/04/16 v5.0m Graphics/color driver for xetex
)
(c:/Users/klehm/AppData/Roaming/TinyTeX/texmf-dist/tex/latex/graphics/mathcolor
.ltx)
Package xcolor Info: Model `cmy' substituted by `cmy0' on input line 1353.
Package xcolor Info: Model `RGB' extended on input line 1369.
Package xcolor Info: Model `HTML' substituted by `rgb' on input line 1371.
Package xcolor Info: Model `Hsb' substituted by `hsb' on input line 1372.
Package xcolor Info: Model `tHsb' substituted by `hsb' on input line 1373.
Package xcolor Info: Model `HSB' substituted by `hsb' on input line 1374.
Package xcolor Info: Model `Gray' substituted by `gray' on input line 1375.
Package xcolor Info: Model `wave' substituted by `hsb' on input line 1376.
)
(c:/Users/klehm/AppData/Roaming/TinyTeX/texmf-dist/tex/latex/hyperref/hyperref.
sty
Package: hyperref 2022-06-20 v7.00s Hypertext links for LaTeX

(c:/Users/klehm/AppData/Roaming/TinyTeX/texmf-dist/tex/generic/ltxcmds/ltxcmds.
sty
Package: ltxcmds 2020-05-10 v1.25 LaTeX kernel commands for general use (HO)
)
(c:/Users/klehm/AppData/Roaming/TinyTeX/texmf-dist/tex/generic/pdftexcmds/pdfte
xcmds.sty
Package: pdftexcmds 2020-06-27 v0.33 Utility functions of pdfTeX for LuaTeX (HO
)

(c:/Users/klehm/AppData/Roaming/TinyTeX/texmf-dist/tex/generic/infwarerr/infwar
err.sty
Package: infwarerr 2019/12/03 v1.5 Providing info/warning/error messages (HO)
)
Package pdftexcmds Info: \pdf@primitive is available.
Package pdftexcmds Info: \pdf@ifprimitive is available.
Package pdftexcmds Info: \pdfdraftmode not found.
)
(c:/Users/klehm/AppData/Roaming/TinyTeX/texmf-dist/tex/latex/graphics/keyval.st
y
Package: keyval 2022/05/29 v1.15 key=value parser (DPC)
\KV@toks@=\toks22
)
(c:/Users/klehm/AppData/Roaming/TinyTeX/texmf-dist/tex/generic/kvsetkeys/kvsetk
eys.sty
Package: kvsetkeys 2019/12/15 v1.18 Key value parser (HO)
)
(c:/Users/klehm/AppData/Roaming/TinyTeX/texmf-dist/tex/generic/kvdefinekeys/kvd
efinekeys.sty
Package: kvdefinekeys 2019-12-19 v1.6 Define keys (HO)
)
(c:/Users/klehm/AppData/Roaming/TinyTeX/texmf-dist/tex/generic/pdfescape/pdfesc
ape.sty
Package: pdfescape 2019/12/09 v1.15 Implements pdfTeX's escape features (HO)
)
(c:/Users/klehm/AppData/Roaming/TinyTeX/texmf-dist/tex/latex/hycolor/hycolor.st
y
Package: hycolor 2020-01-27 v1.10 Color options for hyperref/bookmark (HO)
)
(c:/Users/klehm/AppData/Roaming/TinyTeX/texmf-dist/tex/latex/letltxmacro/letltx
macro.sty
Package: letltxmacro 2019/12/03 v1.6 Let assignment for LaTeX macros (HO)
)
(c:/Users/klehm/AppData/Roaming/TinyTeX/texmf-dist/tex/latex/auxhook/auxhook.st
y
Package: auxhook 2019-12-17 v1.6 Hooks for auxiliary files (HO)
)
(c:/Users/klehm/AppData/Roaming/TinyTeX/texmf-dist/tex/latex/hyperref/nameref.s
ty
Package: nameref 2022-05-17 v2.50 Cross-referencing by name of section

(c:/Users/klehm/AppData/Roaming/TinyTeX/texmf-dist/tex/latex/refcount/refcount.
sty
Package: refcount 2019/12/15 v3.6 Data extraction from label references (HO)
)
(c:/Users/klehm/AppData/Roaming/TinyTeX/texmf-dist/tex/generic/gettitlestring/g
ettitlestring.sty
Package: gettitlestring 2019/12/15 v1.6 Cleanup title references (HO)

(c:/Users/klehm/AppData/Roaming/TinyTeX/texmf-dist/tex/latex/kvoptions/kvoption
s.sty
Package: kvoptions 2022-06-15 v3.15 Key value format for package options (HO)
))
\c@section@level=\count285
)
\@linkdim=\dimen151
\Hy@linkcounter=\count286
\Hy@pagecounter=\count287

(c:/Users/klehm/AppData/Roaming/TinyTeX/texmf-dist/tex/latex/hyperref/pd1enc.de
f
File: pd1enc.def 2022-06-20 v7.00s Hyperref: PDFDocEncoding definition (HO)
)
(c:/Users/klehm/AppData/Roaming/TinyTeX/texmf-dist/tex/generic/intcalc/intcalc.
sty
Package: intcalc 2019/12/15 v1.3 Expandable calculations with integers (HO)
)
(c:/Users/klehm/AppData/Roaming/TinyTeX/texmf-dist/tex/generic/etexcmds/etexcmd
s.sty
Package: etexcmds 2019/12/15 v1.7 Avoid name clashes with e-TeX commands (HO)
)
\Hy@SavedSpaceFactor=\count288

(c:/Users/klehm/AppData/Roaming/TinyTeX/texmf-dist/tex/latex/hyperref/puenc.def
File: puenc.def 2022-06-20 v7.00s Hyperref: PDF Unicode definition (HO)
)
Package hyperref Info: Option `unicode' set `true' on input line 4045.
Package hyperref Info: Hyper figures OFF on input line 4162.
Package hyperref Info: Link nesting OFF on input line 4167.
Package hyperref Info: Hyper index ON on input line 4170.
Package hyperref Info: Plain pages OFF on input line 4177.
Package hyperref Info: Backreferencing OFF on input line 4182.
Package hyperref Info: Implicit mode ON; LaTeX internals redefined.
Package hyperref Info: Bookmarks ON on input line 4408.
\c@Hy@tempcnt=\count289
(c:/Users/klehm/AppData/Roaming/TinyTeX/texmf-dist/tex/latex/url/url.sty
\Urlmuskip=\muskip18
Package: url 2013/09/16  ver 3.4  Verb mode for urls, etc.
)
LaTeX Info: Redefining \url on input line 4746.
\XeTeXLinkMargin=\dimen152

(c:/Users/klehm/AppData/Roaming/TinyTeX/texmf-dist/tex/generic/bitset/bitset.st
y
Package: bitset 2019/12/09 v1.3 Handle bit-vector datatype (HO)

(c:/Users/klehm/AppData/Roaming/TinyTeX/texmf-dist/tex/generic/bigintcalc/bigin
tcalc.sty
Package: bigintcalc 2019/12/15 v1.5 Expandable calculations on big integers (HO
)
))
\Fld@menulength=\count290
\Field@Width=\dimen153
\Fld@charsize=\dimen154
Package hyperref Info: Hyper figures OFF on input line 6024.
Package hyperref Info: Link nesting OFF on input line 6029.
Package hyperref Info: Hyper index ON on input line 6032.
Package hyperref Info: backreferencing OFF on input line 6039.
Package hyperref Info: Link coloring OFF on input line 6044.
Package hyperref Info: Link coloring with OCG OFF on input line 6049.
Package hyperref Info: PDF/A mode OFF on input line 6054.

(c:/Users/klehm/AppData/Roaming/TinyTeX/texmf-dist/tex/latex/base/atbegshi-ltx.
sty
Package: atbegshi-ltx 2021/01/10 v1.0c Emulation of the original atbegshi
package with kernel methods
)
\Hy@abspage=\count291
\c@Item=\count292
\c@Hfootnote=\count293
)
Package hyperref Info: Driver (autodetected): hxetex.

(c:/Users/klehm/AppData/Roaming/TinyTeX/texmf-dist/tex/latex/hyperref/hxetex.de
f
File: hxetex.def 2022-06-20 v7.00s Hyperref driver for XeTeX

(c:/Users/klehm/AppData/Roaming/TinyTeX/texmf-dist/tex/generic/stringenc/string
enc.sty
Package: stringenc 2019/11/29 v1.12 Convert strings between diff. encodings (HO
)
)
\pdfm@box=\box54
\c@Hy@AnnotLevel=\count294
\HyField@AnnotCount=\count295
\Fld@listcount=\count296
\c@bookmark@seq@number=\count297

(c:/Users/klehm/AppData/Roaming/TinyTeX/texmf-dist/tex/latex/rerunfilecheck/rer
unfilecheck.sty
Package: rerunfilecheck 2022-07-10 v1.10 Rerun checks for auxiliary files (HO)

(c:/Users/klehm/AppData/Roaming/TinyTeX/texmf-dist/tex/latex/base/atveryend-ltx
.sty
Package: atveryend-ltx 2020/08/19 v1.0a Emulation of the original atveryend pac
kage
with kernel methods
)
(c:/Users/klehm/AppData/Roaming/TinyTeX/texmf-dist/tex/generic/uniquecounter/un
iquecounter.sty
Package: uniquecounter 2019/12/15 v1.4 Provide unlimited unique counter (HO)
)
Package uniquecounter Info: New unique counter `rerunfilecheck' on input line 2
85.
)
\Hy@SectionHShift=\skip52
)
(c:/Users/klehm/AppData/Roaming/TinyTeX/texmf-dist/tex/latex/geometry/geometry.
sty
Package: geometry 2020/01/02 v5.9 Page Geometry

(c:/Users/klehm/AppData/Roaming/TinyTeX/texmf-dist/tex/generic/iftex/ifvtex.sty
Package: ifvtex 2019/10/25 v1.7 ifvtex legacy package. Use iftex instead.
)
\Gm@cnth=\count298
\Gm@cntv=\count299
\c@Gm@tempcnt=\count300
\Gm@bindingoffset=\dimen155
\Gm@wd@mp=\dimen156
\Gm@odd@mp=\dimen157
\Gm@even@mp=\dimen158
\Gm@layoutwidth=\dimen159
\Gm@layoutheight=\dimen160
\Gm@layouthoffset=\dimen161
\Gm@layoutvoffset=\dimen162
\Gm@dimlist=\toks23
)
(c:/Users/klehm/AppData/Roaming/TinyTeX/texmf-dist/tex/latex/fancyvrb/fancyvrb.
sty
Package: fancyvrb 2022/06/06 4.5 verbatim text (tvz,hv)
\FV@CodeLineNo=\count301
\FV@InFile=\read2
\FV@TabBox=\box55
\c@FancyVerbLine=\count302
\FV@StepNumber=\count303
\FV@OutFile=\write3
) (c:/Users/klehm/AppData/Roaming/TinyTeX/texmf-dist/tex/latex/framed/framed.st
y
Package: framed 2011/10/22 v 0.96: framed or shaded text with page breaks
\OuterFrameSep=\skip53
\fb@frw=\dimen163
\fb@frh=\dimen164
\FrameRule=\dimen165
\FrameSep=\dimen166
)
(c:/Users/klehm/AppData/Roaming/TinyTeX/texmf-dist/tex/latex/graphics/graphicx.
sty
Package: graphicx 2021/09/16 v1.2d Enhanced LaTeX Graphics (DPC,SPQR)

(c:/Users/klehm/AppData/Roaming/TinyTeX/texmf-dist/tex/latex/graphics/graphics.
sty
Package: graphics 2022/03/10 v1.4e Standard LaTeX Graphics (DPC,SPQR)
(c:/Users/klehm/AppData/Roaming/TinyTeX/texmf-dist/tex/latex/graphics/trig.sty
Package: trig 2021/08/11 v1.11 sin cos tan (DPC)
)
(c:/Users/klehm/AppData/Roaming/TinyTeX/texmf-dist/tex/latex/graphics-cfg/graph
ics.cfg
File: graphics.cfg 2016/06/04 v1.11 sample graphics configuration
)
Package graphics Info: Driver file: xetex.def on input line 107.
)
\Gin@req@height=\dimen167
\Gin@req@width=\dimen168
)
(c:/Users/klehm/AppData/Roaming/TinyTeX/texmf-dist/tex/latex/grffile/grffile.st
y
Package: grffile 2019/11/11 v2.1 Extended file name support for graphics (legac
y)
Package grffile Info: This package is an empty stub for compatibility on input 
line 40.
) (c:/Users/klehm/AppData/Roaming/TinyTeX/texmf-dist/tex/latex/tools/dcolumn.st
y
Package: dcolumn 2014/10/28 v1.06 decimal alignment package (DPC)
(c:/Users/klehm/AppData/Roaming/TinyTeX/texmf-dist/tex/latex/tools/array.sty
Package: array 2022/03/10 v2.5f Tabular extension package (FMi)
\col@sep=\dimen169
\ar@mcellbox=\box56
\extrarowheight=\dimen170
\NC@list=\toks24
\extratabsurround=\skip54
\backup@length=\skip55
\ar@cellbox=\box57
))
(c:/Users/klehm/AppData/Roaming/TinyTeX/texmf-dist/tex/latex/graphics/rotating.
sty
Package: rotating 2016/08/11 v2.16d rotated objects in LaTeX
(c:/Users/klehm/AppData/Roaming/TinyTeX/texmf-dist/tex/latex/base/ifthen.sty
Package: ifthen 2022/04/13 v1.1d Standard LaTeX ifthen package (DPC)
)
\c@r@tfl@t=\count304
\rotFPtop=\skip56
\rotFPbot=\skip57
\rot@float@box=\box58
\rot@mess@toks=\toks25
)
(c:/Users/klehm/AppData/Roaming/TinyTeX/texmf-dist/tex/latex/footmisc/footmisc.
sty
Package: footmisc 2022/03/08 v6.0d a miscellany of footnote facilities
\FN@temptoken=\toks26
\footnotemargin=\dimen171
\@outputbox@depth=\dimen172
Package footmisc Info: Declaring symbol style bringhurst on input line 695.
Package footmisc Info: Declaring symbol style chicago on input line 703.
Package footmisc Info: Declaring symbol style wiley on input line 712.
Package footmisc Info: Declaring symbol style lamport-robust on input line 723.

Package footmisc Info: Declaring symbol style lamport* on input line 743.
Package footmisc Info: Declaring symbol style lamport*-robust on input line 764
.
)
(c:/Users/klehm/AppData/Roaming/TinyTeX/texmf-dist/tex/latex/setspace/setspace.
sty
Package: setspace 2011/12/19 v6.7a set line spacing
)
(c:/Users/klehm/AppData/Roaming/TinyTeX/texmf-dist/tex/latex/multirow/multirow.
sty
Package: multirow 2021/03/15 v2.8 Span multiple rows of a table
\multirow@colwidth=\skip58
\multirow@cntb=\count305
\multirow@dima=\skip59
\bigstrutjot=\dimen173
)
(c:/Users/klehm/AppData/Roaming/TinyTeX/texmf-dist/tex/latex/mdwtools/footnote.
sty
Package: footnote 1997/01/28 1.13 Save footnotes around boxes
\fn@notes=\box59
\fn@width=\dimen174
)
(c:/Users/klehm/AppData/Roaming/TinyTeX/texmf-dist/tex/latex/booktabs/booktabs.
sty
Package: booktabs 2020/01/12 v1.61803398 Publication quality tables
\heavyrulewidth=\dimen175
\lightrulewidth=\dimen176
\cmidrulewidth=\dimen177
\belowrulesep=\dimen178
\belowbottomsep=\dimen179
\aboverulesep=\dimen180
\abovetopsep=\dimen181
\cmidrulesep=\dimen182
\cmidrulekern=\dimen183
\defaultaddspace=\dimen184
\@cmidla=\count306
\@cmidlb=\count307
\@aboverulesep=\dimen185
\@belowrulesep=\dimen186
\@thisruleclass=\count308
\@lastruleclass=\count309
\@thisrulewidth=\dimen187
)
(c:/Users/klehm/AppData/Roaming/TinyTeX/texmf-dist/tex/latex/tools/longtable.st
y
Package: longtable 2021-09-01 v4.17 Multi-page Table package (DPC)
\LTleft=\skip60
\LTright=\skip61
\LTpre=\skip62
\LTpost=\skip63
\LTchunksize=\count310
\LTcapwidth=\dimen188
\LT@head=\box60
\LT@firsthead=\box61
\LT@foot=\box62
\LT@lastfoot=\box63
\LT@gbox=\box64
\LT@cols=\count311
\LT@rows=\count312
\c@LT@tables=\count313
\c@LT@chunks=\count314
\LT@p@ftn=\toks27
)
(c:/Users/klehm/AppData/Roaming/TinyTeX/texmf-dist/tex/latex/wrapfig/wrapfig.st
y
\wrapoverhang=\dimen189
\WF@size=\dimen190
\c@WF@wrappedlines=\count315
\WF@box=\box65
\WF@everypar=\toks28
Package: wrapfig 2003/01/31  v 3.6
) (c:/Users/klehm/AppData/Roaming/TinyTeX/texmf-dist/tex/latex/float/float.sty
Package: float 2001/11/08 v1.3d Float enhancements (AL)
\c@float@type=\count316
\float@exts=\toks29
\float@box=\box66
\@float@everytoks=\toks30
\@floatcapt=\box67
)
(c:/Users/klehm/AppData/Roaming/TinyTeX/texmf-dist/tex/latex/colortbl/colortbl.
sty
Package: colortbl 2020/01/04 v1.0e Color table columns (DPC)
\everycr=\toks31
\minrowclearance=\skip64
)
(c:/Users/klehm/AppData/Roaming/TinyTeX/texmf-dist/tex/latex/pdflscape/pdflscap
e.sty
Package: pdflscape 2019/12/05 v0.12 Display of landscape pages in PDF (HO)

(c:/Users/klehm/AppData/Roaming/TinyTeX/texmf-dist/tex/latex/graphics/lscape.st
y
Package: lscape 2020/05/28 v3.02 Landscape Pages (DPC)
)
Package pdflscape Info: Auto-detected driver: dvipdfm (xetex) on input line 98.

) (c:/Users/klehm/AppData/Roaming/TinyTeX/texmf-dist/tex/latex/tabu/tabu.sty
Package: tabu 2019/01/11 v2.9 - flexible LaTeX tabulars (FC+tabu-fixed)

(c:/Users/klehm/AppData/Roaming/TinyTeX/texmf-dist/tex/latex/varwidth/varwidth.
sty
Package: varwidth 2009/03/30 ver 0.92;  Variable-width minipages
\@vwid@box=\box68
\sift@deathcycles=\count317
\@vwid@loff=\dimen191
\@vwid@roff=\dimen192
)
\c@taburow=\count318
\tabu@nbcols=\count319
\tabu@cnt=\count320
\tabu@Xcol=\count321
\tabu@alloc=\count322
\tabu@nested=\count323
\tabu@target=\dimen193
\tabu@spreadtarget=\dimen194
\tabu@naturalX=\dimen195
\tabucolX=\dimen196
\tabu@Xsum=\dimen197
\extrarowdepth=\dimen198
\abovetabulinesep=\dimen199
\belowtabulinesep=\dimen256
\tabustrutrule=\dimen257
\tabu@thebody=\toks32
\tabu@footnotes=\toks33
\tabu@box=\box69
\tabu@arstrutbox=\box70
\tabu@hleads=\box71
\tabu@vleads=\box72
\tabu@cellskip=\skip65
)
(c:/Users/klehm/AppData/Roaming/TinyTeX/texmf-dist/tex/latex/threeparttable/thr
eeparttable.sty
Package: threeparttable 2003/06/13  v 3.0
\@tempboxb=\box73
)
(c:/Users/klehm/AppData/Roaming/TinyTeX/texmf-dist/tex/latex/threeparttablex/th
reeparttablex.sty
Package: threeparttablex 2013/07/23 v0.3 by daleif

(c:/Users/klehm/AppData/Roaming/TinyTeX/texmf-dist/tex/latex/environ/environ.st
y
Package: environ 2014/05/04 v0.3 A new way to define environments

(c:/Users/klehm/AppData/Roaming/TinyTeX/texmf-dist/tex/latex/trimspaces/trimspa
ces.sty
Package: trimspaces 2009/09/17 v1.1 Trim spaces around a token list
))
\TPTL@width=\skip66
) (c:/Users/klehm/AppData/Roaming/TinyTeX/texmf-dist/tex/generic/ulem/ulem.sty
\UL@box=\box74
\UL@hyphenbox=\box75
\UL@skip=\skip67
\UL@hook=\toks34
\UL@height=\dimen258
\UL@pe=\count324
\UL@pixel=\dimen259
\ULC@box=\box76
Package: ulem 2019/11/18
\ULdepth=\dimen260
)
(c:/Users/klehm/AppData/Roaming/TinyTeX/texmf-dist/tex/latex/makecell/makecell.
sty
Package: makecell 2009/08/03 V0.1e Managing of Tab Column Heads and Cells
\rotheadsize=\dimen261
\c@nlinenum=\count325
\TeXr@lab=\toks35
)
(c:/Users/klehm/AppData/Roaming/TinyTeX/texmf-dist/tex/latex/polyglossia/polygl
ossia.sty
Package: polyglossia 2022/04/20 v1.56 Modern multilingual typesetting with XeLa
TeX and LuaLaTeX

(c:/Users/klehm/AppData/Roaming/TinyTeX/texmf-dist/tex/latex/etoolbox/etoolbox.
sty
Package: etoolbox 2020/10/05 v2.5k e-TeX tools for LaTeX (JAW)
\etb@tempcnta=\count326
)
(c:/Users/klehm/AppData/Roaming/TinyTeX/texmf-dist/tex/latex/makecmds/makecmds.
sty
Package: makecmds 2009/09/03 v1.0a extra command making commands
)
(c:/Users/klehm/AppData/Roaming/TinyTeX/texmf-dist/tex/latex/xkeyval/xkeyval.st
y
Package: xkeyval 2022/06/16 v2.9 package option processing (HA)

(c:/Users/klehm/AppData/Roaming/TinyTeX/texmf-dist/tex/generic/xkeyval/xkeyval.
tex
(c:/Users/klehm/AppData/Roaming/TinyTeX/texmf-dist/tex/generic/xkeyval/xkvutils
.tex
\XKV@toks=\toks36
\XKV@tempa@toks=\toks37
)
\XKV@depth=\count327
File: xkeyval.tex 2014/12/03 v2.7a key=value parser (HA)
))
\xpg@normalclass=\XeTeXcharclass1

(c:/Users/klehm/AppData/Roaming/TinyTeX/texmf-dist/tex/latex/polyglossia/gloss-
latex.lde
Package: gloss-latex 2021/07/10 vv1.53 polyglossia: module for default language

The property list \polyglossia@langsetup contains the pairs (without outer
braces):
>  {latex/script}  =>  {latin}
>  {latex/lcscript}  =>  {latin}
>  {latex/scripttag}  =>  {}
>  {latex/language}  =>  {Latex}
>  {latex/langtag}  =>  {ENG}
>  {latex/bcp47}  =>  {}
>  {latex/hyphennames}  =>  {english}
>  {latex/direction}  =>  {LR}
>  {latex/hyphenmins}  =>  {2,3}
>  {latex/frenchspacing}  =>  {false}
>  {latex/indentfirst}  =>  {false}
>  {latex/fontsetup}  =>  {true}
>  {latex/envname}  =>  {latex}
>  {latex/babelname}  =>  {latex}
>  {latex/localnumeral}  =>  {polyglossia@C@localnumeral}
>  {latex/Localnumeral}  =>  {polyglossia@C@localnumeral}
>  {latex/DefineCommandsCmd}  =>  {use_none:n}.
)
Package polyglossia Info: Default language is latex.
)
(c:/Users/klehm/AppData/Roaming/TinyTeX/texmf-dist/tex/latex/polyglossia/gloss-
spanish.ldf
File: gloss-spanish.ldf polyglossia: module for spanish
The property list \polyglossia@langsetup contains the pairs (without outer
braces):
>  {latex/script}  =>  {latin}
>  {latex/lcscript}  =>  {latin}
>  {latex/scripttag}  =>  {}
>  {latex/language}  =>  {Latex}
>  {latex/langtag}  =>  {ENG}
>  {latex/bcp47}  =>  {}
>  {latex/hyphennames}  =>  {english}
>  {latex/direction}  =>  {LR}
>  {latex/hyphenmins}  =>  {2,3}
>  {latex/frenchspacing}  =>  {false}
>  {latex/indentfirst}  =>  {false}
>  {latex/fontsetup}  =>  {true}
>  {latex/envname}  =>  {latex}
>  {latex/babelname}  =>  {latex}
>  {latex/localnumeral}  =>  {polyglossia@C@localnumeral}
>  {latex/Localnumeral}  =>  {polyglossia@C@localnumeral}
>  {latex/DefineCommandsCmd}  =>  {use_none:n}
>  {spanish/script}  =>  {latin}
>  {spanish/lcscript}  =>  {latin}
>  {spanish/scripttag}  =>  {}
>  {spanish/language}  =>  {Spanish}
>  {spanish/langtag}  =>  {ESP}
>  {spanish/bcp47}  =>  {es-ES}
>  {spanish/hyphennames}  =>  {spanish}
>  {spanish/direction}  =>  {LR}
>  {spanish/hyphenmins}  =>  {2,2}
>  {spanish/frenchspacing}  =>  {true}
>  {spanish/indentfirst}  =>  {true}
>  {spanish/fontsetup}  =>  {true}
>  {spanish/envname}  =>  {spanish}
>  {spanish/babelname}  =>  {spanish}
>  {spanish/localnumeral}  =>  {polyglossia@C@localnumeral}
>  {spanish/Localnumeral}  =>  {polyglossia@C@localnumeral}
>  {spanish/DefineCommandsCmd}  =>  {xpg_define_language_commands:e}
>  {spanish/totalhyphenmin}  =>  {5}.
Package polyglossia Info: Option: spanish, variant=spanish.
Package polyglossia Info: Option: Spanish, spanishoperators=none.
)
Package polyglossia Info: Default language is spanish.
(./methodology_pdf.aux
LaTeX Info: Redefining \rmfamily on input line 16.
LaTeX Info: Redefining \sffamily on input line 16.
LaTeX Info: Redefining \ttfamily on input line 16.

LaTeX Warning: Label `tab:mostrar_tabla_audi_final' multiply defined.


LaTeX Warning: Label `ciuo_distancia' multiply defined.


LaTeX Warning: Label `ciuo_distancia' multiply defined.


LaTeX Warning: Label `tab:unnamed-chunk-2' multiply defined.


LaTeX Warning: Label `tab:unnamed-chunk-2' multiply defined.


LaTeX Warning: Label `tab:unnamed-chunk-2' multiply defined.

)
\openout1 = `methodology_pdf.aux'.

LaTeX Font Info:    Checking defaults for OML/cmm/m/it on input line 136.
LaTeX Font Info:    ... okay on input line 136.
LaTeX Font Info:    Checking defaults for OMS/cmsy/m/n on input line 136.
LaTeX Font Info:    ... okay on input line 136.
LaTeX Font Info:    Checking defaults for OT1/cmr/m/n on input line 136.
LaTeX Font Info:    ... okay on input line 136.
LaTeX Font Info:    Checking defaults for T1/cmr/m/n on input line 136.
LaTeX Font Info:    ... okay on input line 136.
LaTeX Font Info:    Checking defaults for TS1/cmr/m/n on input line 136.
LaTeX Font Info:    ... okay on input line 136.
LaTeX Font Info:    Checking defaults for TU/lmr/m/n on input line 136.
LaTeX Font Info:    ... okay on input line 136.
LaTeX Font Info:    Checking defaults for OMX/cmex/m/n on input line 136.
LaTeX Font Info:    ... okay on input line 136.
LaTeX Font Info:    Checking defaults for U/cmr/m/n on input line 136.
LaTeX Font Info:    ... okay on input line 136.
LaTeX Font Info:    Checking defaults for PD1/pdf/m/n on input line 136.
LaTeX Font Info:    ... okay on input line 136.
LaTeX Font Info:    Checking defaults for PU/pdf/m/n on input line 136.
LaTeX Font Info:    ... okay on input line 136.
LaTeX Font Info:    Overwriting math alphabet `\mathsf' in version `normal'
(Font)                  OT1/lmss/m/n --> TU/lmss/m/n on input line 136.
LaTeX Font Info:    Overwriting math alphabet `\mathsf' in version `bold'
(Font)                  OT1/lmss/bx/n --> TU/lmss/b/n on input line 136.
LaTeX Font Info:    Overwriting math alphabet `\mathtt' in version `normal'
(Font)                  OT1/lmtt/m/n --> TU/lmtt/m/n on input line 136.
LaTeX Font Info:    Overwriting math alphabet `\mathtt' in version `bold'
(Font)                  OT1/lmtt/m/n --> TU/lmtt/b/n on input line 136.

Package fontspec Info: latinmodern-math scale = 1.117039825580538.


Package fontspec Info: latinmodern-math scale = 1.117039825580538.


Package fontspec Info: latinmodern-math scale = 1.117039825580538.


Package fontspec Info: Font family 'latinmodern-math.otf(0)' created for font
(fontspec)             'latinmodern-math.otf' with options
(fontspec)             [Scale=MatchLowercase,BoldItalicFont={},ItalicFont={},Sm
allCapsFont={},Script=Math,BoldFont={latinmodern-math.otf}].
(fontspec)              
(fontspec)              This font family consists of the following NFSS
(fontspec)             series/shapes:
(fontspec)              
(fontspec)             - 'normal' (m/n) with NFSS spec.:
(fontspec)             <->s*[1.117039825580538]"[latinmodern-math.otf]/OT:scrip
t=math;language=dflt;"
(fontspec)             - 'small caps'  (m/sc) with NFSS spec.: 
(fontspec)             - 'bold' (b/n) with NFSS spec.:
(fontspec)             <->s*[1.117039825580538]"[latinmodern-math.otf]/OT:scrip
t=math;language=dflt;"
(fontspec)             - 'bold small caps'  (b/sc) with NFSS spec.: 

LaTeX Font Info:    Font shape `TU/latinmodern-math.otf(0)/m/n' will be
(Font)              scaled to size 13.40442pt on input line 136.

Package fontspec Info: latinmodern-math scale = 1.117039825580538.


Package fontspec Info: latinmodern-math scale = 1.117039825580538.


Package fontspec Info: latinmodern-math scale = 1.117039825580538.


Package fontspec Info: latinmodern-math scale = 1.117039825580538.


Package fontspec Info: latinmodern-math scale = 1.117039825580538.


Package fontspec Info: Font family 'latinmodern-math.otf(1)' created for font
(fontspec)             'latinmodern-math.otf' with options
(fontspec)             [Scale=MatchLowercase,BoldItalicFont={},ItalicFont={},Sm
allCapsFont={},Script=Math,SizeFeatures={{Size=10.2-},{Size=7.2-10.2,Font=latin
modern-math.otf,Style=MathScript},{Size=-7.2,Font=latinmodern-math.otf,Style=Ma
thScriptScript}},BoldFont={latinmodern-math.otf}].
(fontspec)              
(fontspec)              This font family consists of the following NFSS
(fontspec)             series/shapes:
(fontspec)              
(fontspec)             - 'normal' (m/n) with NFSS spec.:
(fontspec)             <10.2->s*[1.117039825580538]"[latinmodern-math.otf]/OT:s
cript=math;language=dflt;"<7.2-10.2>s*[1.117039825580538]"[latinmodern-math.otf
]/OT:script=math;language=dflt;+ssty=0;"<-7.2>s*[1.117039825580538]"[latinmoder
n-math.otf]/OT:script=math;language=dflt;+ssty=1;"
(fontspec)             - 'small caps'  (m/sc) with NFSS spec.: 
(fontspec)             - 'bold' (b/n) with NFSS spec.:
(fontspec)             <->s*[1.117039825580538]"[latinmodern-math.otf]/OT:scrip
t=math;language=dflt;"
(fontspec)             - 'bold small caps'  (b/sc) with NFSS spec.: 

LaTeX Font Info:    Font shape `TU/latinmodern-math.otf(1)/m/n' will be
(Font)              scaled to size 13.40442pt on input line 136.
LaTeX Font Info:    Encoding `OT1' has changed to `TU' for symbol font
(Font)              `operators' in the math version `normal' on input line 136.

LaTeX Font Info:    Overwriting symbol font `operators' in version `normal'
(Font)                  OT1/lmr/m/n --> TU/latinmodern-math.otf(1)/m/n on input
 line 136.
LaTeX Font Info:    Encoding `OT1' has changed to `TU' for symbol font
(Font)              `operators' in the math version `bold' on input line 136.
LaTeX Font Info:    Overwriting symbol font `operators' in version `bold'
(Font)                  OT1/lmr/bx/n --> TU/latinmodern-math.otf(1)/b/n on inpu
t line 136.

Package fontspec Info: latinmodern-math scale = 1.117039825580538.


Package fontspec Info: latinmodern-math scale = 1.117151529563096.


Package fontspec Info: latinmodern-math scale = 1.117039825580538.


Package fontspec Info: latinmodern-math scale = 1.117151529563096.


Package fontspec Info: latinmodern-math scale = 1.117039825580538.


Package fontspec Info: latinmodern-math scale = 1.117151529563096.


Package fontspec Info: latinmodern-math scale = 1.117039825580538.


Package fontspec Info: latinmodern-math scale = 1.117151529563096.


Package fontspec Info: latinmodern-math scale = 1.117039825580538.


Package fontspec Info: latinmodern-math scale = 1.117151529563096.


Package fontspec Info: Font family 'latinmodern-math.otf(2)' created for font
(fontspec)             'latinmodern-math.otf' with options
(fontspec)             [Scale=MatchLowercase,BoldItalicFont={},ItalicFont={},Sm
allCapsFont={},Script=Math,SizeFeatures={{Size=10.2-},{Size=7.2-10.2,Font=latin
modern-math.otf,Style=MathScript},{Size=-7.2,Font=latinmodern-math.otf,Style=Ma
thScriptScript}},BoldFont={latinmodern-math.otf},ScaleAgain=1.0001,FontAdjustme
nt={\fontdimen
(fontspec)             8\font =9.0748pt\relax \fontdimen 9\font
(fontspec)             =5.28134pt\relax \fontdimen 10\font =5.95157pt\relax
(fontspec)             \fontdimen 11\font =9.19543pt\relax \fontdimen 12\font
(fontspec)             =4.62453pt\relax \fontdimen 13\font =4.8658pt\relax
(fontspec)             \fontdimen 14\font =4.8658pt\relax \fontdimen 15\font
(fontspec)             =3.87387pt\relax \fontdimen 16\font =3.3109pt\relax
(fontspec)             \fontdimen 17\font =3.3109pt\relax \fontdimen 18\font
(fontspec)             =3.3511pt\relax \fontdimen 19\font =2.68088pt\relax
(fontspec)             \fontdimen 22\font =3.3511pt\relax \fontdimen 20\font
(fontspec)             =0pt\relax \fontdimen 21\font =0pt\relax }].
(fontspec)              
(fontspec)              This font family consists of the following NFSS
(fontspec)             series/shapes:
(fontspec)              
(fontspec)             - 'normal' (m/n) with NFSS spec.:
(fontspec)             <10.2->s*[1.117151529563096]"[latinmodern-math.otf]/OT:s
cript=math;language=dflt;"<7.2-10.2>s*[1.117151529563096]"[latinmodern-math.otf
]/OT:script=math;language=dflt;+ssty=0;"<-7.2>s*[1.117151529563096]"[latinmoder
n-math.otf]/OT:script=math;language=dflt;+ssty=1;"
(fontspec)             - 'small caps'  (m/sc) with NFSS spec.: 
(fontspec)             and font adjustment code:
(fontspec)             \fontdimen 8\font =9.0748pt\relax \fontdimen 9\font
(fontspec)             =5.28134pt\relax \fontdimen 10\font =5.95157pt\relax
(fontspec)             \fontdimen 11\font =9.19543pt\relax \fontdimen 12\font
(fontspec)             =4.62453pt\relax \fontdimen 13\font =4.8658pt\relax
(fontspec)             \fontdimen 14\font =4.8658pt\relax \fontdimen 15\font
(fontspec)             =3.87387pt\relax \fontdimen 16\font =3.3109pt\relax
(fontspec)             \fontdimen 17\font =3.3109pt\relax \fontdimen 18\font
(fontspec)             =3.3511pt\relax \fontdimen 19\font =2.68088pt\relax
(fontspec)             \fontdimen 22\font =3.3511pt\relax \fontdimen 20\font
(fontspec)             =0pt\relax \fontdimen 21\font =0pt\relax 
(fontspec)             - 'bold' (b/n) with NFSS spec.:
(fontspec)             <->s*[1.117151529563096]"[latinmodern-math.otf]/OT:scrip
t=math;language=dflt;"
(fontspec)             - 'bold small caps'  (b/sc) with NFSS spec.: 
(fontspec)             and font adjustment code:
(fontspec)             \fontdimen 8\font =9.0748pt\relax \fontdimen 9\font
(fontspec)             =5.28134pt\relax \fontdimen 10\font =5.95157pt\relax
(fontspec)             \fontdimen 11\font =9.19543pt\relax \fontdimen 12\font
(fontspec)             =4.62453pt\relax \fontdimen 13\font =4.8658pt\relax
(fontspec)             \fontdimen 14\font =4.8658pt\relax \fontdimen 15\font
(fontspec)             =3.87387pt\relax \fontdimen 16\font =3.3109pt\relax
(fontspec)             \fontdimen 17\font =3.3109pt\relax \fontdimen 18\font
(fontspec)             =3.3511pt\relax \fontdimen 19\font =2.68088pt\relax
(fontspec)             \fontdimen 22\font =3.3511pt\relax \fontdimen 20\font
(fontspec)             =0pt\relax \fontdimen 21\font =0pt\relax 

LaTeX Font Info:    Encoding `OMS' has changed to `TU' for symbol font
(Font)              `symbols' in the math version `normal' on input line 136.
LaTeX Font Info:    Overwriting symbol font `symbols' in version `normal'
(Font)                  OMS/lmsy/m/n --> TU/latinmodern-math.otf(2)/m/n on inpu
t line 136.
LaTeX Font Info:    Encoding `OMS' has changed to `TU' for symbol font
(Font)              `symbols' in the math version `bold' on input line 136.
LaTeX Font Info:    Overwriting symbol font `symbols' in version `bold'
(Font)                  OMS/lmsy/b/n --> TU/latinmodern-math.otf(2)/b/n on inpu
t line 136.

Package fontspec Info: latinmodern-math scale = 1.117039825580538.


Package fontspec Info: latinmodern-math scale = 1.11692812159798.


Package fontspec Info: latinmodern-math scale = 1.117039825580538.


Package fontspec Info: latinmodern-math scale = 1.11692812159798.


Package fontspec Info: latinmodern-math scale = 1.117039825580538.


Package fontspec Info: latinmodern-math scale = 1.11692812159798.


Package fontspec Info: latinmodern-math scale = 1.117039825580538.


Package fontspec Info: latinmodern-math scale = 1.11692812159798.


Package fontspec Info: latinmodern-math scale = 1.117039825580538.


Package fontspec Info: latinmodern-math scale = 1.11692812159798.


Package fontspec Info: Font family 'latinmodern-math.otf(3)' created for font
(fontspec)             'latinmodern-math.otf' with options
(fontspec)             [Scale=MatchLowercase,BoldItalicFont={},ItalicFont={},Sm
allCapsFont={},Script=Math,SizeFeatures={{Size=10.2-},{Size=7.2-10.2,Font=latin
modern-math.otf,Style=MathScript},{Size=-7.2,Font=latinmodern-math.otf,Style=Ma
thScriptScript}},BoldFont={latinmodern-math.otf},ScaleAgain=0.9999,FontAdjustme
nt={\fontdimen
(fontspec)             8\font =0.53618pt\relax \fontdimen 9\font
(fontspec)             =2.68088pt\relax \fontdimen 10\font =2.23854pt\relax
(fontspec)             \fontdimen 11\font =1.48788pt\relax \fontdimen 12\font
(fontspec)             =8.04265pt\relax \fontdimen 13\font =0pt\relax }].
(fontspec)              
(fontspec)              This font family consists of the following NFSS
(fontspec)             series/shapes:
(fontspec)              
(fontspec)             - 'normal' (m/n) with NFSS spec.:
(fontspec)             <10.2->s*[1.11692812159798]"[latinmodern-math.otf]/OT:sc
ript=math;language=dflt;"<7.2-10.2>s*[1.11692812159798]"[latinmodern-math.otf]/
OT:script=math;language=dflt;+ssty=0;"<-7.2>s*[1.11692812159798]"[latinmodern-m
ath.otf]/OT:script=math;language=dflt;+ssty=1;"
(fontspec)             - 'small caps'  (m/sc) with NFSS spec.: 
(fontspec)             and font adjustment code:
(fontspec)             \fontdimen 8\font =0.53618pt\relax \fontdimen 9\font
(fontspec)             =2.68088pt\relax \fontdimen 10\font =2.23854pt\relax
(fontspec)             \fontdimen 11\font =1.48788pt\relax \fontdimen 12\font
(fontspec)             =8.04265pt\relax \fontdimen 13\font =0pt\relax 
(fontspec)             - 'bold' (b/n) with NFSS spec.:
(fontspec)             <->s*[1.11692812159798]"[latinmodern-math.otf]/OT:script
=math;language=dflt;"
(fontspec)             - 'bold small caps'  (b/sc) with NFSS spec.: 
(fontspec)             and font adjustment code:
(fontspec)             \fontdimen 8\font =0.53618pt\relax \fontdimen 9\font
(fontspec)             =2.68088pt\relax \fontdimen 10\font =2.23854pt\relax
(fontspec)             \fontdimen 11\font =1.48788pt\relax \fontdimen 12\font
(fontspec)             =8.04265pt\relax \fontdimen 13\font =0pt\relax 

LaTeX Font Info:    Encoding `OMX' has changed to `TU' for symbol font
(Font)              `largesymbols' in the math version `normal' on input line 1
36.
LaTeX Font Info:    Overwriting symbol font `largesymbols' in version `normal'
(Font)                  OMX/lmex/m/n --> TU/latinmodern-math.otf(3)/m/n on inpu
t line 136.
LaTeX Font Info:    Encoding `OMX' has changed to `TU' for symbol font
(Font)              `largesymbols' in the math version `bold' on input line 136
.
LaTeX Font Info:    Overwriting symbol font `largesymbols' in version `bold'
(Font)                  OMX/lmex/m/n --> TU/latinmodern-math.otf(3)/b/n on inpu
t line 136.
Package hyperref Info: Link coloring OFF on input line 136.
(./methodology_pdf.out) (./methodology_pdf.out)
\@outlinefile=\write4
\openout4 = `methodology_pdf.out'.

*geometry* driver: auto-detecting
*geometry* detected driver: xetex
*geometry* verbose mode - [ preamble ] result:
* driver: xetex
* paper: <default>
* layout: <same size as paper>
* layoutoffset:(h,v)=(0.0pt,0.0pt)
* modes: 
* h-part:(L,W,R)=(72.26999pt, 469.75502pt, 72.26999pt)
* v-part:(T,H,B)=(72.26999pt, 650.43001pt, 72.26999pt)
* \paperwidth=614.295pt
* \paperheight=794.96999pt
* \textwidth=469.75502pt
* \textheight=650.43001pt
* \oddsidemargin=0.0pt
* \evensidemargin=0.0pt
* \topmargin=-37.0pt
* \headheight=12.0pt
* \headsep=25.0pt
* \topskip=12.0pt
* \footskip=30.0pt
* \marginparwidth=44.0pt
* \marginparsep=10.0pt
* \columnsep=10.0pt
* \skip\footins=10.8pt plus 4.0pt minus 2.0pt
* \hoffset=0.0pt
* \voffset=0.0pt
* \mag=1000
* \@twocolumnfalse
* \@twosidefalse
* \@mparswitchfalse
* \@reversemarginfalse
* (1in=72.27pt=25.4mm, 1cm=28.453pt)

The property list \__xpg_alias contains the pairs (without outer braces):
>  {latex/target}  =>  {latex}
>  {spanish/target}  =>  {spanish}
>  {es/target}  =>  {spanish}
>  {es-MX/target}  =>  {spanish}
>  {es-MX/variant}  =>  {mexican}
>  {es-MX/options}  =>  {variant=mexican}
>  {es-ES/target}  =>  {spanish}
>  {es-ES/variant}  =>  {spanish}
>  {es-ES/options}  =>  {variant=spanish}
>  {spanishmx/target}  =>  {spanish}
>  {spanishmx/variant}  =>  {mexican}
>  {spanishmx/options}  =>  {variant=mexican}.
LaTeX Info: Redefining \rmfamily on input line 136.
LaTeX Info: Redefining \sffamily on input line 136.
LaTeX Info: Redefining \ttfamily on input line 136.
LaTeX Font Info:    Font shape `TU/Georgia(0)/m/n' will be
(Font)              scaled to size 17.28pt on input line 140.
LaTeX Font Info:    Font shape `TU/Georgia(0)/b/n' will be
(Font)              scaled to size 17.28pt on input line 140.
(./methodology_pdf.toc
LaTeX Info: Redefining \rmfamily on input line 1.
LaTeX Info: Redefining \sffamily on input line 1.
LaTeX Info: Redefining \ttfamily on input line 1.
LaTeX Font Info:    Font shape `TU/Georgia(0)/b/n' will be
(Font)              scaled to size 12.0pt on input line 2.
LaTeX Font Info:    Font shape `TU/Georgia(0)/b/it' will be
(Font)              scaled to size 12.0pt on input line 4.
LaTeX Font Info:    Font shape `TU/latinmodern-math.otf(1)/m/n' will be
(Font)              scaled to size 9.38307pt on input line 5.
LaTeX Font Info:    Font shape `TU/latinmodern-math.otf(1)/m/n' will be
(Font)              scaled to size 6.70221pt on input line 5.
LaTeX Font Info:    Trying to load font information for OML+lmm on input line 5
.
(c:/Users/klehm/AppData/Roaming/TinyTeX/texmf-dist/tex/latex/lm/omllmm.fd
File: omllmm.fd 2015/05/01 v1.6.1 Font defs for Latin Modern
)
LaTeX Font Info:    Font shape `TU/latinmodern-math.otf(2)/m/n' will be
(Font)              scaled to size 13.40588pt on input line 5.
LaTeX Font Info:    Font shape `TU/latinmodern-math.otf(2)/m/n' will be
(Font)              scaled to size 9.38411pt on input line 5.
LaTeX Font Info:    Font shape `TU/latinmodern-math.otf(2)/m/n' will be
(Font)              scaled to size 6.70294pt on input line 5.
LaTeX Font Info:    Font shape `TU/latinmodern-math.otf(3)/m/n' will be
(Font)              scaled to size 13.40314pt on input line 5.
LaTeX Font Info:    Font shape `TU/latinmodern-math.otf(3)/m/n' will be
(Font)              scaled to size 9.38219pt on input line 5.
LaTeX Font Info:    Font shape `TU/latinmodern-math.otf(3)/m/n' will be
(Font)              scaled to size 6.70157pt on input line 5.
LaTeX Font Info:    Trying to load font information for U+msa on input line 5.
(c:/Users/klehm/AppData/Roaming/TinyTeX/texmf-dist/tex/latex/amsfonts/umsa.fd
File: umsa.fd 2013/01/14 v3.01 AMS symbols A
)
LaTeX Font Info:    Trying to load font information for U+msb on input line 5.
(c:/Users/klehm/AppData/Roaming/TinyTeX/texmf-dist/tex/latex/amsfonts/umsb.fd
File: umsb.fd 2013/01/14 v3.01 AMS symbols B
)
LaTeX Font Info:    Font shape `TU/Georgia(0)/m/it' will be
(Font)              scaled to size 12.0pt on input line 6.
)
\tf@toc=\write5
\openout5 = `methodology_pdf.toc'.

[1

] (./methodology_pdf.lot
LaTeX Info: Redefining \rmfamily on input line 1.
LaTeX Info: Redefining \sffamily on input line 1.
LaTeX Info: Redefining \ttfamily on input line 1.
)
\tf@lot=\write6
\openout6 = `methodology_pdf.lot'.

[2] (./methodology_pdf.lof
LaTeX Info: Redefining \rmfamily on input line 1.
LaTeX Info: Redefining \sffamily on input line 1.
LaTeX Info: Redefining \ttfamily on input line 1.
)
\tf@lof=\write7
\openout7 = `methodology_pdf.lof'.

[3]
LaTeX Font Info:    Font shape `TU/Georgia(0)/m/n' will be
(Font)              scaled to size 8.4pt on input line 177.
LaTeX Font Info:    Font shape `TU/Georgia(0)/m/n' will be
(Font)              scaled to size 10.0pt on input line 189.
LaTeX Font Info:    Font shape `TU/latinmodern-math.otf(1)/m/n' will be
(Font)              scaled to size 11.17035pt on input line 189.
LaTeX Font Info:    Font shape `TU/latinmodern-math.otf(1)/m/n' will be
(Font)              scaled to size 7.81924pt on input line 189.
LaTeX Font Info:    Font shape `TU/latinmodern-math.otf(1)/m/n' will be
(Font)              scaled to size 5.58517pt on input line 189.
LaTeX Font Info:    Font shape `TU/latinmodern-math.otf(2)/m/n' will be
(Font)              scaled to size 11.17157pt on input line 189.
LaTeX Font Info:    Font shape `TU/latinmodern-math.otf(2)/m/n' will be
(Font)              scaled to size 7.8201pt on input line 189.
LaTeX Font Info:    Font shape `TU/latinmodern-math.otf(2)/m/n' will be
(Font)              scaled to size 5.58578pt on input line 189.
LaTeX Font Info:    Font shape `TU/latinmodern-math.otf(3)/m/n' will be
(Font)              scaled to size 11.16928pt on input line 189.
LaTeX Font Info:    Font shape `TU/latinmodern-math.otf(3)/m/n' will be
(Font)              scaled to size 7.8185pt on input line 189.
LaTeX Font Info:    Font shape `TU/latinmodern-math.otf(3)/m/n' will be
(Font)              scaled to size 5.58464pt on input line 189.
LaTeX Font Info:    Font shape `TU/Georgia(0)/m/n' will be
(Font)              scaled to size 7.0pt on input line 189.
[4] [5] [6]
LaTeX Font Info:    Font shape `TU/Georgia(0)/b/it' will be
(Font)              scaled to size 17.28pt on input line 302.
LaTeX Font Info:    Font shape `TU/Georgia(0)/m/n' will be
(Font)              scaled to size 14.4pt on input line 306.
LaTeX Font Info:    Font shape `TU/Georgia(0)/b/n' will be
(Font)              scaled to size 14.4pt on input line 306.
[7]
LaTeX Font Info:    Font shape `TU/Georgia(0)/b/it' will be
(Font)              scaled to size 14.4pt on input line 399.
[8] [9] [10]
File: imagenes/auditorias_parciales.pdf Graphic file (type pdf)
<use imagenes/auditorias_parciales.pdf>
[11]
File: imagenes/resumen_errores.png Graphic file (type bmp)
<imagenes/resumen_errores.png>
File: imagenes/direccion_errores.png Graphic file (type bmp)
<imagenes/direccion_errores.png>
[12]
File: imagenes/avance_codificacion.png Graphic file (type bmp)
<imagenes/avance_codificacion.png>
[13]
LaTeX Font Info:    Font shape `TU/Georgia(0)/m/it' will be
(Font)              scaled to size 10.0pt on input line 688.
[14]
LaTeX Font Info:    Font shape `TU/Georgia(0)/m/n' will be
(Font)              scaled to size 9.5pt on input line 727.
LaTeX Font Info:    Calculating math sizes for size <9.5> on input line 728.
LaTeX Font Info:    Font shape `TU/latinmodern-math.otf(1)/m/n' will be
(Font)              scaled to size 10.61183pt on input line 728.
LaTeX Font Info:    Font shape `TU/latinmodern-math.otf(1)/m/n' will be
(Font)              scaled to size 7.42824pt on input line 728.
LaTeX Font Info:    Font shape `TU/latinmodern-math.otf(1)/m/n' will be
(Font)              scaled to size 5.30591pt on input line 728.
LaTeX Font Info:    Font shape `TU/latinmodern-math.otf(2)/m/n' will be
(Font)              scaled to size 10.61299pt on input line 728.
LaTeX Font Info:    Font shape `TU/latinmodern-math.otf(2)/m/n' will be
(Font)              scaled to size 7.42905pt on input line 728.
LaTeX Font Info:    Font shape `TU/latinmodern-math.otf(2)/m/n' will be
(Font)              scaled to size 5.30649pt on input line 728.
LaTeX Font Info:    Font shape `TU/latinmodern-math.otf(3)/m/n' will be
(Font)              scaled to size 10.61081pt on input line 728.
LaTeX Font Info:    Font shape `TU/latinmodern-math.otf(3)/m/n' will be
(Font)              scaled to size 7.42752pt on input line 728.
LaTeX Font Info:    Font shape `TU/latinmodern-math.otf(3)/m/n' will be
(Font)              scaled to size 5.3054pt on input line 728.
[15] [16] [17] [18]
File: imagenes/distribucion_caenes.pdf Graphic file (type pdf)
<use imagenes/distribucion_caenes.pdf>
[19] [20]
File: imagenes/distribucion_ciuo.pdf Graphic file (type pdf)
<use imagenes/distribucion_ciuo.pdf>
[21]
Overfull \hbox (55.4442pt too wide) in paragraph at lines 1068--1084
 [][] 
 []

[22] [23] [24] [25] [26] [27]
LaTeX Font Info:    Font shape `TU/lmtt/bx/n' in size <12> not available
(Font)              Font shape `TU/lmtt/b/n' tried instead on input line 1424.
[28] [29] [30]
Underfull \hbox (badness 1460) in paragraph at lines 1500--1505
\TU/Georgia(0)/m/n/12 debiese considerar una parte de trabajo manual. Los objet
ivos institucionales
 []


Underfull \hbox (badness 10000) in paragraph at lines 1500--1505

 []


Underfull \hbox (badness 1038) in paragraph at lines 1500--1505
\TU/Georgia(0)/m/n/12 Con el objeto de ejemplificar cmo funciona la estrategia
, el siguiente grfico
 []


Underfull \hbox (badness 10000) in paragraph at lines 1500--1505

 []


Underfull \hbox (badness 1975) in paragraph at lines 1500--1505
\TU/Georgia(0)/m/n/12 Una vez construida la relacin entre error y codificacin
 manual, es posible
 []

[31]
File: imagenes/manual_vs_automatico.png Graphic file (type bmp)
<imagenes/manual_vs_automatico.png>
[32] [33]
Underfull \hbox (badness 1043) in paragraph at lines 1533--1538
[][]\TU/Georgia(0)/m/n/12 Cabezas, J. y Guerrero, J. 2019. Clasificacin autom
tica de textos utilizando tc-
 []


Underfull \hbox (badness 1845) in paragraph at lines 1533--1538
\TU/Georgia(0)/m/n/12 nicas de text mining: Aplicacin a las glosas de la Encue
sta Nacional de Empleo
 []


Underfull \hbox (badness 10000) in paragraph at lines 1533--1538
[][] [][] [][][][][][][] [] [][][][][][][][][][][][][] [][] [][][][][][][][][][
] [][] [][] [][] [][][][][][] [][] [][][][][][][][][][] [][] [][][][][][][][] [
][] [][] [][] [][][][] [][] [][][][][][] [][]
 []


Underfull \hbox (badness 10000) in paragraph at lines 1539--1543
[] [][] [][][][][][][][][][][][] [] [][][][][][][][][][][] [] [][][][][][][] []
 [][][][][][][][][] [][] [][][][][][][][][][][][] [][] [][] [][] [][][][] [][] 
[][] [][] [][][][][][][][][] [][]
 []


Underfull \hbox (badness 10000) in paragraph at lines 1544--1548
[] [][] [][][][][][][][][][][][] [] [][][][][][][][][][][] [] [][][][][][][] []
 [][][][][][][][][] [][] [][][][][][][] [][] [][] [][] [][][][][][][][][][][] [
] [][] [] [][][] [][] [] [][]
 []

The property list \polyglossia@langsetup contains the pairs (without outer
braces):
>  {latex/script}  =>  {latin}
>  {latex/lcscript}  =>  {latin}
>  {latex/scripttag}  =>  {}
>  {latex/language}  =>  {Latex}
>  {latex/langtag}  =>  {ENG}
>  {latex/bcp47}  =>  {}
>  {latex/hyphennames}  =>  {english}
>  {latex/direction}  =>  {LR}
>  {latex/hyphenmins}  =>  {2,3}
>  {latex/frenchspacing}  =>  {false}
>  {latex/indentfirst}  =>  {false}
>  {latex/fontsetup}  =>  {true}
>  {latex/envname}  =>  {latex}
>  {latex/babelname}  =>  {latex}
>  {latex/localnumeral}  =>  {polyglossia@C@localnumeral}
>  {latex/Localnumeral}  =>  {polyglossia@C@localnumeral}
>  {latex/DefineCommandsCmd}  =>  {use_none:n}
>  {spanish/script}  =>  {latin}
>  {spanish/lcscript}  =>  {latin}
>  {spanish/scripttag}  =>  {}
>  {spanish/language}  =>  {Spanish}
>  {spanish/langtag}  =>  {ESP}
>  {spanish/bcp47}  =>  {es-ES}
>  {spanish/hyphennames}  =>  {spanish}
>  {spanish/direction}  =>  {LR}
>  {spanish/hyphenmins}  =>  {2,2}
>  {spanish/frenchspacing}  =>  {true}
>  {spanish/indentfirst}  =>  {true}
>  {spanish/fontsetup}  =>  {true}
>  {spanish/envname}  =>  {spanish}
>  {spanish/babelname}  =>  {spanish}
>  {spanish/localnumeral}  =>  {polyglossia@C@localnumeral}
>  {spanish/Localnumeral}  =>  {polyglossia@C@localnumeral}
>  {spanish/DefineCommandsCmd}  =>  {xpg_define_language_commands:e}
>  {spanish/totalhyphenmin}  =>  {5}.
The property list \__xpg_alias contains the pairs (without outer braces):
>  {latex/target}  =>  {latex}
>  {spanish/target}  =>  {spanish}
>  {es/target}  =>  {spanish}
>  {es-MX/target}  =>  {spanish}
>  {es-MX/variant}  =>  {mexican}
>  {es-MX/options}  =>  {variant=mexican}
>  {es-ES/target}  =>  {spanish}
>  {es-ES/variant}  =>  {spanish}
>  {es-ES/options}  =>  {variant=spanish}
>  {spanishmx/target}  =>  {spanish}
>  {spanishmx/variant}  =>  {mexican}
>  {spanishmx/options}  =>  {variant=mexican}.
[34] (./methodology_pdf.aux
LaTeX Info: Redefining \rmfamily on input line 16.
LaTeX Info: Redefining \sffamily on input line 16.
LaTeX Info: Redefining \ttfamily on input line 16.
)

LaTeX Warning: There were multiply-defined labels.

Package rerunfilecheck Info: File `methodology_pdf.out' has not changed.
(rerunfilecheck)             Checksum: EFD5AFE30EAEBEEA39C152F87E0095C3;5110.
 ) 
Here is how much of TeX's memory you used:
 20629 strings out of 477851
 389404 string characters out of 5844791
 861284 words of memory out of 5000000
 41187 multiletter control sequences out of 15000+600000
 478854 words of font info for 117 fonts, out of 8000000 for 9000
 14 hyphenation exceptions out of 8191
 86i,15n,122p,1449b,500s stack positions out of 10000i,1000n,20000p,200000b,200000s

Output written on methodology_pdf.pdf (34 pages).
