\BOOKMARK [1][-]{section.1}{\376\377\000P\000r\000e\000s\000e\000n\000t\000a\000c\000i\000\363\000n}{}% 1
\BOOKMARK [1][-]{section.2}{\376\377\000A\000g\000r\000a\000d\000e\000c\000i\000m\000i\000e\000n\000t\000o\000s}{}% 2
\BOOKMARK [1][-]{section.3}{\376\377\000M\000a\000c\000h\000i\000n\000e\000\040\000l\000e\000a\000r\000n\000i\000n\000g\000\040\000p\000a\000r\000a\000\040\000l\000a\000\040\000c\000o\000d\000i\000f\000i\000c\000a\000c\000i\000\363\000n\000\040\000d\000e\000\040\000C\000A\000E\000N\000E\000S\000\040\000y\000\040\000C\000I\000U\000O\000-\0000\0008\000.\000C\000L}{}% 3
\BOOKMARK [2][-]{subsection.3.1}{\376\377\000C\000o\000d\000i\000f\000i\000c\000a\000c\000i\000\363\000n\000\040\000a\000u\000t\000o\000m\000a\000t\000i\000z\000a\000d\000a\000\040\000d\000e\000\040\000t\000e\000x\000t\000o\000s}{section.3}% 4
\BOOKMARK [2][-]{subsection.3.2}{\376\377\000L\000i\000m\000i\000t\000a\000c\000i\000o\000n\000e\000s\000\040\000d\000e\000\040\000u\000n\000\040\000m\000\351\000t\000o\000d\000o\000\040\000d\000e\000\040\000m\000a\000c\000h\000i\000n\000e\000\040\000l\000e\000a\000r\000n\000i\000n\000g}{section.3}% 5
\BOOKMARK [1][-]{section.4}{\376\377\000G\000e\000n\000e\000r\000a\000c\000i\000\363\000n\000\040\000d\000e\000\040\000l\000o\000s\000\040\000c\000o\000n\000j\000u\000n\000t\000o\000s\000\040\000d\000e\000\040\000d\000a\000t\000o\000s\000\040\000d\000e\000\040\000e\000n\000t\000r\000e\000n\000a\000m\000i\000e\000n\000t\000o}{}% 6
\BOOKMARK [2][-]{subsection.4.1}{\376\377\000P\000r\000i\000n\000c\000i\000p\000a\000l\000e\000s\000\040\000f\000u\000e\000n\000t\000e\000s\000\040\000d\000e\000\040\000i\000n\000f\000o\000r\000m\000a\000c\000i\000\363\000n\000\040\000y\000\040\000c\000o\000d\000i\000f\000i\000c\000a\000c\000i\000\363\000n}{section.4}% 7
\BOOKMARK [2][-]{subsection.4.2}{\376\377\000P\000r\000o\000c\000e\000s\000o\000\040\000d\000e\000\040\000e\000t\000i\000q\000u\000e\000t\000a\000d\000o\000\040\000m\000a\000n\000u\000a\000l}{section.4}% 8
\BOOKMARK [3][-]{subsubsection.4.2.1}{\376\377\000C\000o\000d\000i\000f\000i\000c\000a\000c\000i\000\363\000n\000\040\000c\000r\000u\000z\000a\000d\000a}{subsection.4.2}% 9
\BOOKMARK [3][-]{subsubsection.4.2.2}{\376\377\000R\000e\000v\000i\000s\000i\000\363\000n\000\040\000d\000e\000\040\000c\000\363\000d\000i\000g\000o\000s\000\040\000c\000o\000m\000p\000l\000e\000j\000o\000s}{subsection.4.2}% 10
\BOOKMARK [3][-]{subsubsection.4.2.3}{\376\377\000A\000u\000d\000i\000t\000o\000r\000\355\000a\000s\000\040\000f\000i\000n\000a\000l\000e\000s}{subsection.4.2}% 11
\BOOKMARK [1][-]{section.5}{\376\377\000D\000e\000s\000c\000r\000i\000p\000c\000i\000\363\000n\000\040\000d\000e\000\040\000l\000o\000s\000\040\000s\000e\000t\000s\000\040\000d\000e\000\040\000e\000n\000t\000r\000e\000n\000a\000m\000i\000e\000n\000t\000o}{}% 12
\BOOKMARK [2][-]{subsection.5.1}{\376\377\000D\000a\000t\000a\000s\000e\000t\000\040\000C\000A\000E\000N\000E\000S}{section.5}% 13
\BOOKMARK [2][-]{subsection.5.2}{\376\377\000D\000a\000t\000a\000s\000e\000t\000\040\000C\000I\000U\000O\000-\0000\0008\000.\000C\000L}{section.5}% 14
\BOOKMARK [2][-]{subsection.5.3}{\376\377\000E\000s\000t\000a\000d\000\355\000s\000t\000i\000c\000a\000\040\000d\000e\000s\000c\000r\000i\000p\000t\000i\000v\000a\000\040\000d\000e\000\040\000l\000o\000s\000\040\000d\000a\000t\000o\000s\000\040\000d\000e\000\040\000e\000n\000t\000r\000e\000n\000a\000m\000i\000e\000n\000t\000o}{section.5}% 15
\BOOKMARK [3][-]{subsubsection.5.3.1}{\376\377\000D\000a\000t\000a\000s\000e\000t\000\040\000C\000A\000E\000N\000E\000S}{subsection.5.3}% 16
\BOOKMARK [2][-]{subsection.5.4}{\376\377\000D\000a\000t\000a\000s\000e\000t\000\040\000C\000I\000U\000O\000-\0000\0008\000.\000C\000L}{section.5}% 17
\BOOKMARK [1][-]{section.6}{\376\377\000D\000e\000s\000c\000r\000i\000p\000c\000i\000\363\000n\000\040\000d\000e\000\040\000l\000o\000s\000\040\000m\000o\000d\000e\000l\000o\000s\000\040\000d\000e\000\040\000c\000l\000a\000s\000i\000f\000i\000c\000a\000c\000i\000\363\000n}{}% 18
\BOOKMARK [2][-]{subsection.6.1}{\376\377\000M\000e\000t\000o\000d\000o\000l\000o\000g\000\355\000a\000\040\000p\000a\000r\000a\000\040\000v\000e\000c\000t\000o\000r\000i\000z\000a\000r\000\040\000t\000e\000x\000t\000o\000s}{section.6}% 19
\BOOKMARK [2][-]{subsection.6.2}{\376\377\000A\000r\000q\000u\000i\000t\000e\000c\000t\000u\000r\000a\000s\000\040\000p\000r\000o\000b\000a\000d\000a\000s}{section.6}% 20
\BOOKMARK [3][-]{subsubsection.6.2.1}{\376\377\000R\000e\000s\000u\000l\000t\000a\000d\000o\000s\000\040\000d\000e\000l\000\040\000e\000n\000t\000r\000e\000n\000a\000m\000i\000e\000n\000t\000o}{subsection.6.2}% 21
\BOOKMARK [1][-]{section.7}{\376\377\000M\000o\000d\000e\000l\000o\000s\000\040\000e\000n\000\040\000p\000r\000o\000d\000u\000c\000c\000i\000\363\000n}{}% 22
\BOOKMARK [1][-]{section.8}{\376\377\000C\000o\000n\000c\000l\000u\000s\000i\000o\000n\000e\000s\000\040\000y\000\040\000r\000e\000c\000o\000m\000e\000n\000d\000a\000c\000i\000o\000n\000e\000s}{}% 23
\BOOKMARK [1][-]{section*.4}{\376\377\000R\000e\000f\000e\000r\000e\000n\000c\000i\000a\000s}{}% 24
